[debug] [2023-04-04T05:23:31.463Z] ----------------------------------------------------------------------
[debug] [2023-04-04T05:23:31.466Z] Command:       E:\MARI\DRFULL~1\PROYEC~1\firebase-tools-instant-win.exe C:\Users\CoreI3\.cache\firebase\tools\lib\node_modules\firebase-tools\lib\bin\firebase init
[debug] [2023-04-04T05:23:31.466Z] CLI Version:   11.19.0
[debug] [2023-04-04T05:23:31.466Z] Platform:      win32
[debug] [2023-04-04T05:23:31.466Z] Node Version:  v16.16.0
[debug] [2023-04-04T05:23:31.468Z] Time:          Tue Apr 04 2023 02:23:31 GMT-0300 (GMT-03:00)
[debug] [2023-04-04T05:23:31.469Z] ----------------------------------------------------------------------
[debug] 
[debug] [2023-04-04T05:23:31.580Z] > command requires scopes: ["email","openid","https://www.googleapis.com/auth/cloudplatformprojects.readonly","https://www.googleapis.com/auth/firebase","https://www.googleapis.com/auth/cloud-platform"]
[debug] [2023-04-04T05:23:31.581Z] > authorizing via signed-in user (drfullcode@gmail.com)
[info] 
     ######## #### ########  ######## ########     ###     ######  ########
     ##        ##  ##     ## ##       ##     ##  ##   ##  ##       ##
     ######    ##  ########  ######   ########  #########  ######  ######
     ##        ##  ##    ##  ##       ##     ## ##     ##       ## ##
     ##       #### ##     ## ######## ########  ##     ##  ######  ########

You're about to initialize a Firebase project in this directory:

  E:\MARI\DR full code\PROYECTOS

Before we get started, keep in mind:

  * You are initializing within an existing Firebase project directory

[info] 
=== Project Setup
[info] 
[info] First, let's associate this project directory with a Firebase project.
[info] You can create multiple project aliases by running firebase use --add, 
[info] but for now we'll just set up a default project.
[info] 
[debug] [2023-04-04T05:23:45.183Z] Using project from CLI flag: extremegymapi
[debug] [2023-04-04T05:23:45.187Z] >>> [apiv2][query] GET https://firebase.googleapis.com/v1beta1/projects/extremegymapi [none]
[debug] [2023-04-04T05:23:45.612Z] <<< [apiv2][status] GET https://firebase.googleapis.com/v1beta1/projects/extremegymapi 403
[debug] [2023-04-04T05:23:45.612Z] <<< [apiv2][body] GET https://firebase.googleapis.com/v1beta1/projects/extremegymapi {"error":{"code":403,"message":"The caller does not have permission","status":"PERMISSION_DENIED"}}
[debug] [2023-04-04T05:23:45.614Z] HTTP Error: 403, The caller does not have permission
[debug] [2023-04-04T05:23:45.803Z] FirebaseError: HTTP Error: 403, The caller does not have permission
    at responseToError (C:\Users\CoreI3\.cache\firebase\tools\lib\node_modules\firebase-tools\lib\responseToError.js:49:12)
    at RetryOperation._fn (C:\Users\CoreI3\.cache\firebase\tools\lib\node_modules\firebase-tools\lib\apiv2.js:288:77)
    at processTicksAndRejections (node:internal/process/task_queues:96:5)
[error] 
[error] Error: Failed to get Firebase project extremegymapi. Please make sure the project exists and your account has permission to access it.
[debug] [2023-04-04T05:24:03.376Z] ----------------------------------------------------------------------
[debug] [2023-04-04T05:24:03.379Z] Command:       E:\MARI\DRFULL~1\PROYEC~1\firebase-tools-instant-win.exe C:\Users\CoreI3\.cache\firebase\tools\lib\node_modules\firebase-tools\lib\bin\firebase init
[debug] [2023-04-04T05:24:03.379Z] CLI Version:   11.19.0
[debug] [2023-04-04T05:24:03.380Z] Platform:      win32
[debug] [2023-04-04T05:24:03.380Z] Node Version:  v16.16.0
[debug] [2023-04-04T05:24:03.382Z] Time:          Tue Apr 04 2023 02:24:03 GMT-0300 (GMT-03:00)
[debug] [2023-04-04T05:24:03.382Z] ----------------------------------------------------------------------
[debug] 
[debug] [2023-04-04T05:24:03.496Z] > command requires scopes: ["email","openid","https://www.googleapis.com/auth/cloudplatformprojects.readonly","https://www.googleapis.com/auth/firebase","https://www.googleapis.com/auth/cloud-platform"]
[debug] [2023-04-04T05:24:03.497Z] > authorizing via signed-in user (drfullcode@gmail.com)
[info] 
     ######## #### ########  ######## ########     ###     ######  ########
     ##        ##  ##     ## ##       ##     ##  ##   ##  ##       ##
     ######    ##  ########  ######   ########  #########  ######  ######
     ##        ##  ##    ##  ##       ##     ## ##     ##       ## ##
     ##       #### ##     ## ######## ########  ##     ##  ######  ########

You're about to initialize a Firebase project in this directory:

  E:\MARI\DR full code\PROYECTOS

Before we get started, keep in mind:

  * You are initializing within an existing Firebase project directory

[info] 
=== Project Setup
[info] 
[info] First, let's associate this project directory with a Firebase project.
[info] You can create multiple project aliases by running firebase use --add, 
[info] but for now we'll just set up a default project.
[info] 
[debug] [2023-04-04T05:24:30.080Z] Using project from CLI flag: extremegymapi
[debug] [2023-04-04T05:24:30.084Z] >>> [apiv2][query] GET https://firebase.googleapis.com/v1beta1/projects/extremegymapi [none]
[debug] [2023-04-04T05:24:30.523Z] <<< [apiv2][status] GET https://firebase.googleapis.com/v1beta1/projects/extremegymapi 403
[debug] [2023-04-04T05:24:30.523Z] <<< [apiv2][body] GET https://firebase.googleapis.com/v1beta1/projects/extremegymapi {"error":{"code":403,"message":"The caller does not have permission","status":"PERMISSION_DENIED"}}
[debug] [2023-04-04T05:24:30.525Z] HTTP Error: 403, The caller does not have permission
[debug] [2023-04-04T05:24:30.705Z] FirebaseError: HTTP Error: 403, The caller does not have permission
    at responseToError (C:\Users\CoreI3\.cache\firebase\tools\lib\node_modules\firebase-tools\lib\responseToError.js:49:12)
    at RetryOperation._fn (C:\Users\CoreI3\.cache\firebase\tools\lib\node_modules\firebase-tools\lib\apiv2.js:288:77)
    at processTicksAndRejections (node:internal/process/task_queues:96:5)
[error] 
[error] Error: Failed to get Firebase project extremegymapi. Please make sure the project exists and your account has permission to access it.
[debug] [2023-04-04T05:28:45.228Z] ----------------------------------------------------------------------
[debug] [2023-04-04T05:28:45.231Z] Command:       E:\MARI\DRFULL~1\PROYEC~1\firebase-tools-instant-win.exe C:\Users\CoreI3\.cache\firebase\tools\lib\node_modules\firebase-tools\lib\bin\firebase init
[debug] [2023-04-04T05:28:45.231Z] CLI Version:   11.19.0
[debug] [2023-04-04T05:28:45.232Z] Platform:      win32
[debug] [2023-04-04T05:28:45.232Z] Node Version:  v16.16.0
[debug] [2023-04-04T05:28:45.234Z] Time:          Tue Apr 04 2023 02:28:45 GMT-0300 (GMT-03:00)
[debug] [2023-04-04T05:28:45.234Z] ----------------------------------------------------------------------
[debug] 
[debug] [2023-04-04T05:28:45.342Z] > command requires scopes: ["email","openid","https://www.googleapis.com/auth/cloudplatformprojects.readonly","https://www.googleapis.com/auth/firebase","https://www.googleapis.com/auth/cloud-platform"]
[debug] [2023-04-04T05:28:45.342Z] > authorizing via signed-in user (drfullcode@gmail.com)
[info] 
     ######## #### ########  ######## ########     ###     ######  ########
     ##        ##  ##     ## ##       ##     ##  ##   ##  ##       ##
     ######    ##  ########  ######   ########  #########  ######  ######
     ##        ##  ##    ##  ##       ##     ## ##     ##       ## ##
     ##       #### ##     ## ######## ########  ##     ##  ######  ########

You're about to initialize a Firebase project in this directory:

  E:\MARI\DR full code\PROYECTOS

Before we get started, keep in mind:

  * You are initializing within an existing Firebase project directory

[debug] [2023-04-04T05:32:09.776Z] ----------------------------------------------------------------------
[debug] [2023-04-04T05:32:09.781Z] Command:       E:\MARI\DRFULL~1\PROYEC~1\firebase-tools-instant-win.exe C:\Users\CoreI3\.cache\firebase\tools\lib\node_modules\firebase-tools\lib\bin\firebase init
[debug] [2023-04-04T05:32:09.781Z] CLI Version:   11.19.0
[debug] [2023-04-04T05:32:09.781Z] Platform:      win32
[debug] [2023-04-04T05:32:09.782Z] Node Version:  v16.16.0
[debug] [2023-04-04T05:32:09.784Z] Time:          Tue Apr 04 2023 02:32:09 GMT-0300 (GMT-03:00)
[debug] [2023-04-04T05:32:09.784Z] ----------------------------------------------------------------------
[debug] 
[debug] [2023-04-04T05:32:09.944Z] > command requires scopes: ["email","openid","https://www.googleapis.com/auth/cloudplatformprojects.readonly","https://www.googleapis.com/auth/firebase","https://www.googleapis.com/auth/cloud-platform"]
[debug] [2023-04-04T05:32:09.944Z] > authorizing via signed-in user (drfullcode@gmail.com)
[info] 
     ######## #### ########  ######## ########     ###     ######  ########
     ##        ##  ##     ## ##       ##     ##  ##   ##  ##       ##
     ######    ##  ########  ######   ########  #########  ######  ######
     ##        ##  ##    ##  ##       ##     ## ##     ##       ## ##
     ##       #### ##     ## ######## ########  ##     ##  ######  ########

You're about to initialize a Firebase project in this directory:

  E:\MARI\DR full code\PROYECTOS

Before we get started, keep in mind:

  * You are initializing within an existing Firebase project directory

[info] 
=== Project Setup
[info] 
[info] First, let's associate this project directory with a Firebase project.
[info] You can create multiple project aliases by running firebase use --add, 
[info] but for now we'll just set up a default project.
[info] 
[debug] [2023-04-04T05:32:16.397Z] Using project from CLI flag: extremegymapi
[debug] [2023-04-04T05:32:16.402Z] >>> [apiv2][query] GET https://firebase.googleapis.com/v1beta1/projects/extremegymapi [none]
[debug] [2023-04-04T05:32:16.912Z] <<< [apiv2][status] GET https://firebase.googleapis.com/v1beta1/projects/extremegymapi 403
[debug] [2023-04-04T05:32:16.913Z] <<< [apiv2][body] GET https://firebase.googleapis.com/v1beta1/projects/extremegymapi {"error":{"code":403,"message":"The caller does not have permission","status":"PERMISSION_DENIED"}}
[debug] [2023-04-04T05:32:16.914Z] HTTP Error: 403, The caller does not have permission
[debug] [2023-04-04T05:32:17.145Z] FirebaseError: HTTP Error: 403, The caller does not have permission
    at responseToError (C:\Users\CoreI3\.cache\firebase\tools\lib\node_modules\firebase-tools\lib\responseToError.js:49:12)
    at RetryOperation._fn (C:\Users\CoreI3\.cache\firebase\tools\lib\node_modules\firebase-tools\lib\apiv2.js:288:77)
    at processTicksAndRejections (node:internal/process/task_queues:96:5)
[error] 
[error] Error: Failed to get Firebase project extremegymapi. Please make sure the project exists and your account has permission to access it.
